0 info it worked if it ends with ok
1 verbose cli [ '/usr/local/Cellar/node/7.7.1/bin/node',
1 verbose cli   '/usr/local/bin/npm',
1 verbose cli   'install',
1 verbose cli   'node' ]
2 info using npm@4.1.2
3 info using node@v7.7.1
4 silly loadCurrentTree Starting
5 silly install loadCurrentTree
6 silly install readLocalPackageData
7 silly fetchPackageMetaData node
8 silly fetchNamedPackageData node
9 silly mapToRegistry name node
10 silly mapToRegistry using default registry
11 silly mapToRegistry registry https://registry.npmjs.org/
12 silly mapToRegistry data Result {
12 silly mapToRegistry   raw: 'node',
12 silly mapToRegistry   scope: null,
12 silly mapToRegistry   escapedName: 'node',
12 silly mapToRegistry   name: 'node',
12 silly mapToRegistry   rawSpec: '',
12 silly mapToRegistry   spec: 'latest',
12 silly mapToRegistry   type: 'tag' }
13 silly mapToRegistry uri https://registry.npmjs.org/node
14 verbose request uri https://registry.npmjs.org/node
15 verbose request no auth needed
16 info attempt registry request try #1 at 8:31:49 PM
17 verbose request id dd2f9927ed3b7aed
18 verbose etag "5afb698f-5dc23"
19 verbose lastModified Tue, 15 May 2018 23:13:19 GMT
20 http request GET https://registry.npmjs.org/node
21 http 200 https://registry.npmjs.org/node
22 verbose headers { date: 'Sun, 27 May 2018 03:31:49 GMT',
22 verbose headers   'content-type': 'application/json; charset=UTF-8',
22 verbose headers   'transfer-encoding': 'chunked',
22 verbose headers   connection: 'keep-alive',
22 verbose headers   'set-cookie': [ '__cfduid=d0819a9689e12dcbb262b4f38dc0803941527391909; expires=Mon, 27-May-19 03:31:49 GMT; path=/; domain=.npmjs.org; HttpOnly; Secure' ],
22 verbose headers   'cache-control': 'max-age=300',
22 verbose headers   'cf-cache-status': 'HIT',
22 verbose headers   'cf-ray': '4215692aed8a211a-LAX',
22 verbose headers   etag: 'W/"e7a6bc40a80dd0196322d4ed2e9bb77c"',
22 verbose headers   'expect-ct': 'max-age=604800, report-uri="https://report-uri.cloudflare.com/cdn-cgi/beacon/expect-ct"',
22 verbose headers   'last-modified': 'Sat, 26 May 2018 18:10:44 GMT',
22 verbose headers   vary: 'accept-encoding, accept',
22 verbose headers   server: 'cloudflare',
22 verbose headers   'content-encoding': 'gzip' }
23 silly get cb [ 200,
23 silly get   { date: 'Sun, 27 May 2018 03:31:49 GMT',
23 silly get     'content-type': 'application/json; charset=UTF-8',
23 silly get     'transfer-encoding': 'chunked',
23 silly get     connection: 'keep-alive',
23 silly get     'set-cookie': [ '__cfduid=d0819a9689e12dcbb262b4f38dc0803941527391909; expires=Mon, 27-May-19 03:31:49 GMT; path=/; domain=.npmjs.org; HttpOnly; Secure' ],
23 silly get     'cache-control': 'max-age=300',
23 silly get     'cf-cache-status': 'HIT',
23 silly get     'cf-ray': '4215692aed8a211a-LAX',
23 silly get     etag: 'W/"e7a6bc40a80dd0196322d4ed2e9bb77c"',
23 silly get     'expect-ct': 'max-age=604800, report-uri="https://report-uri.cloudflare.com/cdn-cgi/beacon/expect-ct"',
23 silly get     'last-modified': 'Sat, 26 May 2018 18:10:44 GMT',
23 silly get     vary: 'accept-encoding, accept',
23 silly get     server: 'cloudflare',
23 silly get     'content-encoding': 'gzip' } ]
24 verbose get saving node to /Users/linashamoon/.npm/registry.npmjs.org/node/.cache.json
25 verbose correctMkdir /Users/linashamoon/.npm correctMkdir not in flight; initializing
26 silly install normalizeTree
27 silly loadCurrentTree Finishing
28 silly loadIdealTree Starting
29 silly install loadIdealTree
30 silly cloneCurrentTree Starting
31 silly install cloneCurrentTreeToIdealTree
32 silly cloneCurrentTree Finishing
33 silly loadShrinkwrap Starting
34 silly install loadShrinkwrap
35 silly loadShrinkwrap Finishing
36 silly loadAllDepsIntoIdealTree Starting
37 silly install loadAllDepsIntoIdealTree
38 silly resolveWithNewModule node@10.2.0 checking installable status
39 silly cache add args [ 'node', null ]
40 verbose cache add spec node
41 silly cache add parsed spec Result {
41 silly cache add   raw: 'node',
41 silly cache add   scope: null,
41 silly cache add   escapedName: 'node',
41 silly cache add   name: 'node',
41 silly cache add   rawSpec: '',
41 silly cache add   spec: 'latest',
41 silly cache add   type: 'tag' }
42 silly addNamed node@latest
43 verbose addNamed "latest" is being treated as a dist-tag for node
44 info addNameTag [ 'node', 'latest' ]
45 silly mapToRegistry name node
46 silly mapToRegistry using default registry
47 silly mapToRegistry registry https://registry.npmjs.org/
48 silly mapToRegistry data Result {
48 silly mapToRegistry   raw: 'node',
48 silly mapToRegistry   scope: null,
48 silly mapToRegistry   escapedName: 'node',
48 silly mapToRegistry   name: 'node',
48 silly mapToRegistry   rawSpec: '',
48 silly mapToRegistry   spec: 'latest',
48 silly mapToRegistry   type: 'tag' }
49 silly mapToRegistry uri https://registry.npmjs.org/node
50 verbose addNameTag registry:https://registry.npmjs.org/node not in flight; fetching
51 verbose get https://registry.npmjs.org/node not expired, no request
52 silly addNameTag next cb for node with tag latest
53 silly addNamed node@10.2.0
54 verbose addNamed "10.2.0" is a plain semver version for node
55 silly mapToRegistry name node
56 silly mapToRegistry using default registry
57 silly mapToRegistry registry https://registry.npmjs.org/
58 silly mapToRegistry data Result {
58 silly mapToRegistry   raw: 'node',
58 silly mapToRegistry   scope: null,
58 silly mapToRegistry   escapedName: 'node',
58 silly mapToRegistry   name: 'node',
58 silly mapToRegistry   rawSpec: '',
58 silly mapToRegistry   spec: 'latest',
58 silly mapToRegistry   type: 'tag' }
59 silly mapToRegistry uri https://registry.npmjs.org/node
60 verbose addRemoteTarball https://registry.npmjs.org/node/-/node-10.2.0.tgz not in flight; adding
61 verbose addRemoteTarball [ 'https://registry.npmjs.org/node/-/node-10.2.0.tgz',
61 verbose addRemoteTarball   '20c94aee5d7c93fbbe5b45f3320716b60bd16f68' ]
62 info retry fetch attempt 1 at 8:31:49 PM
63 info attempt registry request try #1 at 8:31:49 PM
64 http fetch GET https://registry.npmjs.org/node/-/node-10.2.0.tgz
65 http fetch 200 https://registry.npmjs.org/node/-/node-10.2.0.tgz
66 silly fetchAndShaCheck shasum 20c94aee5d7c93fbbe5b45f3320716b60bd16f68
67 verbose addTmpTarball /var/folders/v6/hlntd4ys7dd0w8m8vzccv87c0000gn/T/npm-3086-91c182eb/registry.npmjs.org/node/-/node-10.2.0.tgz not in flight; adding
68 verbose addTmpTarball already have metadata; skipping unpack for node@10.2.0
69 verbose correctMkdir /Users/linashamoon/.npm correctMkdir not in flight; initializing
70 silly cache afterAdd node@10.2.0
71 verbose afterAdd /Users/linashamoon/.npm/node/10.2.0/package/package.json not in flight; writing
72 verbose correctMkdir /Users/linashamoon/.npm correctMkdir not in flight; initializing
73 verbose afterAdd /Users/linashamoon/.npm/node/10.2.0/package/package.json written
74 silly fetchNamedPackageData node-bin-setup
75 silly mapToRegistry name node-bin-setup
76 silly mapToRegistry using default registry
77 silly mapToRegistry registry https://registry.npmjs.org/
78 silly mapToRegistry data Result {
78 silly mapToRegistry   raw: 'node-bin-setup',
78 silly mapToRegistry   scope: null,
78 silly mapToRegistry   escapedName: 'node-bin-setup',
78 silly mapToRegistry   name: 'node-bin-setup',
78 silly mapToRegistry   rawSpec: '',
78 silly mapToRegistry   spec: 'latest',
78 silly mapToRegistry   type: 'tag' }
79 silly mapToRegistry uri https://registry.npmjs.org/node-bin-setup
80 verbose request uri https://registry.npmjs.org/node-bin-setup
81 verbose request no auth needed
82 info attempt registry request try #1 at 8:31:49 PM
83 verbose etag "5976bbea-1511"
84 verbose lastModified Tue, 25 Jul 2017 3:32:58 GMT
85 http request GET https://registry.npmjs.org/node-bin-setup
86 http 200 https://registry.npmjs.org/node-bin-setup
87 verbose headers { date: 'Sun, 27 May 2018 03:31:50 GMT',
87 verbose headers   'content-type': 'application/json; charset=UTF-8',
87 verbose headers   'transfer-encoding': 'chunked',
87 verbose headers   connection: 'keep-alive',
87 verbose headers   'set-cookie': [ '__cfduid=d0819a9689e12dcbb262b4f38dc0803941527391909; expires=Mon, 27-May-19 03:31:49 GMT; path=/; domain=.npmjs.org; HttpOnly; Secure' ],
87 verbose headers   'cache-control': 'max-age=300',
87 verbose headers   'cf-cache-status': 'REVALIDATED',
87 verbose headers   'cf-ray': '4215692d6e85211a-LAX',
87 verbose headers   etag: 'W/"696d6ec470fda56a33885508a280edab"',
87 verbose headers   'expect-ct': 'max-age=604800, report-uri="https://report-uri.cloudflare.com/cdn-cgi/beacon/expect-ct"',
87 verbose headers   'last-modified': 'Sat, 26 May 2018 17:45:29 GMT',
87 verbose headers   vary: 'accept-encoding, accept',
87 verbose headers   server: 'cloudflare',
87 verbose headers   'content-encoding': 'gzip' }
88 silly get cb [ 200,
88 silly get   { date: 'Sun, 27 May 2018 03:31:50 GMT',
88 silly get     'content-type': 'application/json; charset=UTF-8',
88 silly get     'transfer-encoding': 'chunked',
88 silly get     connection: 'keep-alive',
88 silly get     'set-cookie': [ '__cfduid=d0819a9689e12dcbb262b4f38dc0803941527391909; expires=Mon, 27-May-19 03:31:49 GMT; path=/; domain=.npmjs.org; HttpOnly; Secure' ],
88 silly get     'cache-control': 'max-age=300',
88 silly get     'cf-cache-status': 'REVALIDATED',
88 silly get     'cf-ray': '4215692d6e85211a-LAX',
88 silly get     etag: 'W/"696d6ec470fda56a33885508a280edab"',
88 silly get     'expect-ct': 'max-age=604800, report-uri="https://report-uri.cloudflare.com/cdn-cgi/beacon/expect-ct"',
88 silly get     'last-modified': 'Sat, 26 May 2018 17:45:29 GMT',
88 silly get     vary: 'accept-encoding, accept',
88 silly get     server: 'cloudflare',
88 silly get     'content-encoding': 'gzip' } ]
89 verbose get saving node-bin-setup to /Users/linashamoon/.npm/registry.npmjs.org/node-bin-setup/.cache.json
90 verbose correctMkdir /Users/linashamoon/.npm correctMkdir not in flight; initializing
91 silly pickManifestFromRegistryMetadata spec >=1.0.0 <2.0.0 tag latest versions [ '1.0.0', '1.0.1', '1.0.2', '1.0.3', '1.0.4', '1.0.6' ]
92 silly resolveWithNewModule node-bin-setup@1.0.6 checking installable status
93 silly cache add args [ 'node-bin-setup@^1.0.0', null ]
94 verbose cache add spec node-bin-setup@^1.0.0
95 silly cache add parsed spec Result {
95 silly cache add   raw: 'node-bin-setup@^1.0.0',
95 silly cache add   scope: null,
95 silly cache add   escapedName: 'node-bin-setup',
95 silly cache add   name: 'node-bin-setup',
95 silly cache add   rawSpec: '^1.0.0',
95 silly cache add   spec: '>=1.0.0 <2.0.0',
95 silly cache add   type: 'range' }
96 silly addNamed node-bin-setup@>=1.0.0 <2.0.0
97 verbose addNamed ">=1.0.0 <2.0.0" is a valid semver range for node-bin-setup
98 silly addNameRange { name: 'node-bin-setup',
98 silly addNameRange   range: '>=1.0.0 <2.0.0',
98 silly addNameRange   hasData: false }
99 silly mapToRegistry name node-bin-setup
100 silly mapToRegistry using default registry
101 silly mapToRegistry registry https://registry.npmjs.org/
102 silly mapToRegistry data Result {
102 silly mapToRegistry   raw: 'node-bin-setup',
102 silly mapToRegistry   scope: null,
102 silly mapToRegistry   escapedName: 'node-bin-setup',
102 silly mapToRegistry   name: 'node-bin-setup',
102 silly mapToRegistry   rawSpec: '',
102 silly mapToRegistry   spec: 'latest',
102 silly mapToRegistry   type: 'tag' }
103 silly mapToRegistry uri https://registry.npmjs.org/node-bin-setup
104 verbose addNameRange registry:https://registry.npmjs.org/node-bin-setup not in flight; fetching
105 verbose get https://registry.npmjs.org/node-bin-setup not expired, no request
106 silly addNameRange number 2 { name: 'node-bin-setup',
106 silly addNameRange   range: '>=1.0.0 <2.0.0',
106 silly addNameRange   hasData: true }
107 silly addNameRange versions [ 'node-bin-setup',
107 silly addNameRange   [ '1.0.0', '1.0.1', '1.0.2', '1.0.3', '1.0.4', '1.0.6' ] ]
108 silly pickManifestFromRegistryMetadata spec >=1.0.0 <2.0.0 tag latest versions [ '1.0.0', '1.0.1', '1.0.2', '1.0.3', '1.0.4', '1.0.6' ]
109 silly addNamed node-bin-setup@latest
110 verbose addNamed "latest" is being treated as a dist-tag for node-bin-setup
111 info addNameTag [ 'node-bin-setup', 'latest' ]
112 silly mapToRegistry name node-bin-setup
113 silly mapToRegistry using default registry
114 silly mapToRegistry registry https://registry.npmjs.org/
115 silly mapToRegistry data Result {
115 silly mapToRegistry   raw: 'node-bin-setup',
115 silly mapToRegistry   scope: null,
115 silly mapToRegistry   escapedName: 'node-bin-setup',
115 silly mapToRegistry   name: 'node-bin-setup',
115 silly mapToRegistry   rawSpec: '',
115 silly mapToRegistry   spec: 'latest',
115 silly mapToRegistry   type: 'tag' }
116 silly mapToRegistry uri https://registry.npmjs.org/node-bin-setup
117 verbose addNameTag registry:https://registry.npmjs.org/node-bin-setup already in flight; waiting
118 silly addNameTag next cb for node-bin-setup with tag latest
119 silly addNamed node-bin-setup@1.0.6
120 verbose addNamed "1.0.6" is a plain semver version for node-bin-setup
121 silly cache afterAdd node-bin-setup@1.0.6
122 verbose afterAdd /Users/linashamoon/.npm/node-bin-setup/1.0.6/package/package.json not in flight; writing
123 verbose correctMkdir /Users/linashamoon/.npm correctMkdir not in flight; initializing
124 verbose afterAdd /Users/linashamoon/.npm/node-bin-setup/1.0.6/package/package.json written
125 silly loadAllDepsIntoIdealTree Finishing
126 silly loadIdealTree Finishing
127 silly currentTree jshv@1.0.0
127 silly currentTree ├── abbrev@1.1.1
127 silly currentTree ├── accepts@1.3.5
127 silly currentTree ├── ansi-align@2.0.0
127 silly currentTree ├── ansi-regex@3.0.0
127 silly currentTree ├── ansi-styles@3.2.1
127 silly currentTree ├── anymatch@2.0.0
127 silly currentTree ├── arr-diff@4.0.0
127 silly currentTree ├── arr-flatten@1.1.0
127 silly currentTree ├── arr-union@3.1.0
127 silly currentTree ├── array-flatten@1.1.1
127 silly currentTree ├── array-unique@0.3.2
127 silly currentTree ├── assign-symbols@1.0.0
127 silly currentTree ├── async-each@1.0.1
127 silly currentTree ├── atob@2.1.1
127 silly currentTree ├── balanced-match@1.0.0
127 silly currentTree ├─┬ base@0.11.2
127 silly currentTree │ ├── define-property@1.0.0
127 silly currentTree │ ├── is-accessor-descriptor@1.0.0
127 silly currentTree │ ├── is-data-descriptor@1.0.0
127 silly currentTree │ └── is-descriptor@1.0.2
127 silly currentTree ├── basic-auth@2.0.0
127 silly currentTree ├── binary-extensions@1.11.0
127 silly currentTree ├─┬ body-parser@1.18.3
127 silly currentTree │ ├── qs@6.5.2
127 silly currentTree │ └── raw-body@2.3.3
127 silly currentTree ├── boxen@1.3.0
127 silly currentTree ├── brace-expansion@1.1.11
127 silly currentTree ├─┬ braces@2.3.2
127 silly currentTree │ └── extend-shallow@2.0.1
127 silly currentTree ├── bson@1.0.6
127 silly currentTree ├── buffer-shims@1.0.0
127 silly currentTree ├── bytes@3.0.0
127 silly currentTree ├── cache-base@1.0.1
127 silly currentTree ├── camelcase@4.1.0
127 silly currentTree ├── capture-stack-trace@1.0.0
127 silly currentTree ├── chalk@2.4.1
127 silly currentTree ├── chokidar@2.0.3
127 silly currentTree ├── ci-info@1.1.3
127 silly currentTree ├─┬ class-utils@0.3.6
127 silly currentTree │ └── define-property@0.2.5
127 silly currentTree ├── cli-boxes@1.0.0
127 silly currentTree ├── collection-visit@1.0.0
127 silly currentTree ├── color-convert@1.9.1
127 silly currentTree ├── color-name@1.1.3
127 silly currentTree ├── component-emitter@1.2.1
127 silly currentTree ├── concat-map@0.0.1
127 silly currentTree ├── configstore@3.1.2
127 silly currentTree ├── content-disposition@0.5.2
127 silly currentTree ├── content-type@1.0.4
127 silly currentTree ├── cookie-signature@1.0.6
127 silly currentTree ├── cookie@0.3.1
127 silly currentTree ├── copy-descriptor@0.1.1
127 silly currentTree ├── core-util-is@1.0.2
127 silly currentTree ├── create-error-class@3.0.2
127 silly currentTree ├── cross-spawn@5.1.0
127 silly currentTree ├── crypto-random-string@1.0.0
127 silly currentTree ├── debug@2.6.9
127 silly currentTree ├── decode-uri-component@0.2.0
127 silly currentTree ├── deep-extend@0.5.1
127 silly currentTree ├─┬ define-property@2.0.2
127 silly currentTree │ ├── is-accessor-descriptor@1.0.0
127 silly currentTree │ ├── is-data-descriptor@1.0.0
127 silly currentTree │ └── is-descriptor@1.0.2
127 silly currentTree ├── depd@1.1.2
127 silly currentTree ├── destroy@1.0.4
127 silly currentTree ├── dot-prop@4.2.0
127 silly currentTree ├── duplexer@0.1.1
127 silly currentTree ├── duplexer3@0.1.4
127 silly currentTree ├── each-series@1.0.0
127 silly currentTree ├── ee-first@1.1.1
127 silly currentTree ├── ejs@2.6.1
127 silly currentTree ├── encodeurl@1.0.2
127 silly currentTree ├── es6-promise@3.2.1
127 silly currentTree ├── escape-html@1.0.3
127 silly currentTree ├── escape-string-regexp@1.0.5
127 silly currentTree ├── etag@1.8.1
127 silly currentTree ├── event-stream@3.3.4
127 silly currentTree ├── execa@0.7.0
127 silly currentTree ├─┬ expand-brackets@2.1.4
127 silly currentTree │ ├── define-property@0.2.5
127 silly currentTree │ └── extend-shallow@2.0.1
127 silly currentTree ├─┬ express@4.16.3
127 silly currentTree │ ├── body-parser@1.18.2
127 silly currentTree │ ├── iconv-lite@0.4.19
127 silly currentTree │ └─┬ raw-body@2.3.2
127 silly currentTree │   ├── depd@1.1.1
127 silly currentTree │   ├── http-errors@1.6.2
127 silly currentTree │   └── setprototypeof@1.0.3
127 silly currentTree ├── expressjs@1.0.1
127 silly currentTree ├─┬ extend-shallow@3.0.2
127 silly currentTree │ └── is-extendable@1.0.1
127 silly currentTree ├─┬ extglob@2.0.4
127 silly currentTree │ ├── define-property@1.0.0
127 silly currentTree │ ├── extend-shallow@2.0.1
127 silly currentTree │ ├── is-accessor-descriptor@1.0.0
127 silly currentTree │ ├── is-data-descriptor@1.0.0
127 silly currentTree │ └── is-descriptor@1.0.2
127 silly currentTree ├─┬ fill-range@4.0.0
127 silly currentTree │ └── extend-shallow@2.0.1
127 silly currentTree ├── finalhandler@1.1.1
127 silly currentTree ├── for-in@1.0.2
127 silly currentTree ├── forwarded@0.1.2
127 silly currentTree ├── fragment-cache@0.2.1
127 silly currentTree ├── fresh@0.5.2
127 silly currentTree ├── from@0.1.7
127 silly currentTree ├─┬ fsevents@1.2.4
127 silly currentTree │ ├── abbrev@1.1.1
127 silly currentTree │ ├── ansi-regex@2.1.1
127 silly currentTree │ ├── aproba@1.2.0
127 silly currentTree │ ├── are-we-there-yet@1.1.4
127 silly currentTree │ ├── balanced-match@1.0.0
127 silly currentTree │ ├── brace-expansion@1.1.11
127 silly currentTree │ ├── chownr@1.0.1
127 silly currentTree │ ├── code-point-at@1.1.0
127 silly currentTree │ ├── concat-map@0.0.1
127 silly currentTree │ ├── console-control-strings@1.1.0
127 silly currentTree │ ├── core-util-is@1.0.2
127 silly currentTree │ ├── debug@2.6.9
127 silly currentTree │ ├── deep-extend@0.5.1
127 silly currentTree │ ├── delegates@1.0.0
127 silly currentTree │ ├── detect-libc@1.0.3
127 silly currentTree │ ├── fs-minipass@1.2.5
127 silly currentTree │ ├── fs.realpath@1.0.0
127 silly currentTree │ ├── gauge@2.7.4
127 silly currentTree │ ├── glob@7.1.2
127 silly currentTree │ ├── has-unicode@2.0.1
127 silly currentTree │ ├── iconv-lite@0.4.21
127 silly currentTree │ ├── ignore-walk@3.0.1
127 silly currentTree │ ├── inflight@1.0.6
127 silly currentTree │ ├── inherits@2.0.3
127 silly currentTree │ ├── ini@1.3.5
127 silly currentTree │ ├── is-fullwidth-code-point@1.0.0
127 silly currentTree │ ├── isarray@1.0.0
127 silly currentTree │ ├── minimatch@3.0.4
127 silly currentTree │ ├── minimist@0.0.8
127 silly currentTree │ ├── minipass@2.2.4
127 silly currentTree │ ├── minizlib@1.1.0
127 silly currentTree │ ├── mkdirp@0.5.1
127 silly currentTree │ ├── ms@2.0.0
127 silly currentTree │ ├── needle@2.2.0
127 silly currentTree │ ├── node-pre-gyp@0.10.0
127 silly currentTree │ ├── nopt@4.0.1
127 silly currentTree │ ├── npm-bundled@1.0.3
127 silly currentTree │ ├── npm-packlist@1.1.10
127 silly currentTree │ ├── npmlog@4.1.2
127 silly currentTree │ ├── number-is-nan@1.0.1
127 silly currentTree │ ├── object-assign@4.1.1
127 silly currentTree │ ├── once@1.4.0
127 silly currentTree │ ├── os-homedir@1.0.2
127 silly currentTree │ ├── os-tmpdir@1.0.2
127 silly currentTree │ ├── osenv@0.1.5
127 silly currentTree │ ├── path-is-absolute@1.0.1
127 silly currentTree │ ├── process-nextick-args@2.0.0
127 silly currentTree │ ├─┬ rc@1.2.7
127 silly currentTree │ │ └── minimist@1.2.0
127 silly currentTree │ ├── readable-stream@2.3.6
127 silly currentTree │ ├── rimraf@2.6.2
127 silly currentTree │ ├── safe-buffer@5.1.1
127 silly currentTree │ ├── safer-buffer@2.1.2
127 silly currentTree │ ├── sax@1.2.4
127 silly currentTree │ ├── semver@5.5.0
127 silly currentTree │ ├── set-blocking@2.0.0
127 silly currentTree │ ├── signal-exit@3.0.2
127 silly currentTree │ ├── string_decoder@1.1.1
127 silly currentTree │ ├── string-width@1.0.2
127 silly currentTree │ ├── strip-ansi@3.0.1
127 silly currentTree │ ├── strip-json-comments@2.0.1
127 silly currentTree │ ├── tar@4.4.1
127 silly currentTree │ ├── util-deprecate@1.0.2
127 silly currentTree │ ├── wide-align@1.1.2
127 silly currentTree │ ├── wrappy@1.0.2
127 silly currentTree │ └── yallist@3.0.2
127 silly currentTree ├── get-stream@3.0.0
127 silly currentTree ├── get-value@2.0.6
127 silly currentTree ├─┬ glob-parent@3.1.0
127 silly currentTree │ └── is-glob@3.1.0
127 silly currentTree ├── global-dirs@0.1.1
127 silly currentTree ├── got@6.7.1
127 silly currentTree ├── graceful-fs@4.1.11
127 silly currentTree ├── has-flag@3.0.0
127 silly currentTree ├── has-value@1.0.0
127 silly currentTree ├─┬ has-values@1.0.0
127 silly currentTree │ └── kind-of@4.0.0
127 silly currentTree ├── http-errors@1.6.3
127 silly currentTree ├── http@0.0.0
127 silly currentTree ├── iconv-lite@0.4.23
127 silly currentTree ├── ignore-by-default@1.0.1
127 silly currentTree ├── import-lazy@2.1.0
127 silly currentTree ├── imurmurhash@0.1.4
127 silly currentTree ├── inherits@2.0.3
127 silly currentTree ├── ini@1.3.5
127 silly currentTree ├── ipaddr.js@1.6.0
127 silly currentTree ├─┬ is-accessor-descriptor@0.1.6
127 silly currentTree │ └── kind-of@3.2.2
127 silly currentTree ├── is-binary-path@1.0.1
127 silly currentTree ├── is-buffer@1.1.6
127 silly currentTree ├── is-ci@1.1.0
127 silly currentTree ├─┬ is-data-descriptor@0.1.4
127 silly currentTree │ └── kind-of@3.2.2
127 silly currentTree ├─┬ is-descriptor@0.1.6
127 silly currentTree │ └── kind-of@5.1.0
127 silly currentTree ├── is-extendable@0.1.1
127 silly currentTree ├── is-extglob@2.1.1
127 silly currentTree ├── is-fullwidth-code-point@2.0.0
127 silly currentTree ├── is-glob@4.0.0
127 silly currentTree ├── is-installed-globally@0.1.0
127 silly currentTree ├── is-npm@1.0.0
127 silly currentTree ├─┬ is-number@3.0.0
127 silly currentTree │ └── kind-of@3.2.2
127 silly currentTree ├── is-obj@1.0.1
127 silly currentTree ├─┬ is-odd@2.0.0
127 silly currentTree │ └── is-number@4.0.0
127 silly currentTree ├── is-path-inside@1.0.1
127 silly currentTree ├── is-plain-object@2.0.4
127 silly currentTree ├── is-redirect@1.0.0
127 silly currentTree ├── is-retry-allowed@1.1.0
127 silly currentTree ├── is-stream@1.1.0
127 silly currentTree ├── is-windows@1.0.2
127 silly currentTree ├── isarray@1.0.0
127 silly currentTree ├── isexe@2.0.0
127 silly currentTree ├── isobject@3.0.1
127 silly currentTree ├── jquery@3.3.1
127 silly currentTree ├── kind-of@6.0.2
127 silly currentTree ├── latest-version@3.1.0
127 silly currentTree ├── lowercase-keys@1.0.1
127 silly currentTree ├── lru-cache@4.1.3
127 silly currentTree ├── make-dir@1.3.0
127 silly currentTree ├── map-cache@0.2.2
127 silly currentTree ├── map-stream@0.1.0
127 silly currentTree ├── map-visit@1.0.0
127 silly currentTree ├── media-typer@0.3.0
127 silly currentTree ├── merge-descriptors@1.0.1
127 silly currentTree ├── methods@1.1.2
127 silly currentTree ├── micromatch@3.1.10
127 silly currentTree ├── mime-db@1.33.0
127 silly currentTree ├── mime-types@2.1.18
127 silly currentTree ├── mime@1.4.1
127 silly currentTree ├── minimatch@3.0.4
127 silly currentTree ├── minimist@1.2.0
127 silly currentTree ├─┬ mixin-deep@1.3.1
127 silly currentTree │ └── is-extendable@1.0.1
127 silly currentTree ├── mongodb-core@3.1.0-beta4
127 silly currentTree ├── mongodb@3.1.0-beta4
127 silly currentTree ├─┬ mongojs@2.5.0
127 silly currentTree │ ├── mongodb-core@2.1.19
127 silly currentTree │ └─┬ mongodb@2.2.35
127 silly currentTree │   └── readable-stream@2.2.7
127 silly currentTree ├── morgan@1.9.0
127 silly currentTree ├── ms@2.0.0
127 silly currentTree ├── nan@2.10.0
127 silly currentTree ├── nanomatch@1.2.9
127 silly currentTree ├── negotiator@0.6.1
127 silly currentTree ├─┬ nodemon@1.17.5
127 silly currentTree │ └── debug@3.1.0
127 silly currentTree ├── nopt@1.0.10
127 silly currentTree ├── normalize-path@2.1.1
127 silly currentTree ├── npm-run-path@2.0.2
127 silly currentTree ├─┬ object-copy@0.1.0
127 silly currentTree │ ├── define-property@0.2.5
127 silly currentTree │ └── kind-of@3.2.2
127 silly currentTree ├── object-visit@1.0.1
127 silly currentTree ├── object.pick@1.3.0
127 silly currentTree ├── on-finished@2.3.0
127 silly currentTree ├── on-headers@1.0.1
127 silly currentTree ├── once@1.4.0
127 silly currentTree ├── p-finally@1.0.0
127 silly currentTree ├── package-json@4.0.1
127 silly currentTree ├── parse-mongo-url@1.1.1
127 silly currentTree ├── parseurl@1.3.2
127 silly currentTree ├── pascalcase@0.1.1
127 silly currentTree ├── path-dirname@1.0.2
127 silly currentTree ├── path-is-absolute@1.0.1
127 silly currentTree ├── path-is-inside@1.0.2
127 silly currentTree ├── path-key@2.0.1
127 silly currentTree ├── path-to-regexp@0.1.7
127 silly currentTree ├── pause-stream@0.0.11
127 silly currentTree ├── pify@3.0.0
127 silly currentTree ├── posix-character-classes@0.1.1
127 silly currentTree ├── prepend-http@1.0.4
127 silly currentTree ├── process-nextick-args@1.0.7
127 silly currentTree ├── proxy-addr@2.0.3
127 silly currentTree ├── ps-tree@1.1.0
127 silly currentTree ├── pseudomap@1.0.2
127 silly currentTree ├── pstree.remy@1.1.0
127 silly currentTree ├── qs@6.5.1
127 silly currentTree ├── range-parser@1.2.0
127 silly currentTree ├── raw-body
127 silly currentTree ├── rc@1.2.7
127 silly currentTree ├─┬ readable-stream@2.3.6
127 silly currentTree │ ├── process-nextick-args@2.0.0
127 silly currentTree │ └── string_decoder@1.1.1
127 silly currentTree ├── readdirp@2.1.0
127 silly currentTree ├── regex-not@1.0.2
127 silly currentTree ├── registry-auth-token@3.3.2
127 silly currentTree ├── registry-url@3.1.0
127 silly currentTree ├── remove-trailing-separator@1.1.0
127 silly currentTree ├── repeat-element@1.1.2
127 silly currentTree ├── repeat-string@1.6.1
127 silly currentTree ├── require_optional@1.0.1
127 silly currentTree ├── resolve-from@2.0.0
127 silly currentTree ├── resolve-url@0.2.1
127 silly currentTree ├── ret@0.1.15
127 silly currentTree ├── safe-buffer@5.1.1
127 silly currentTree ├── safe-regex@1.1.0
127 silly currentTree ├── safer-buffer@2.1.2
127 silly currentTree ├── saslprep@1.0.0
127 silly currentTree ├── semver-diff@2.1.0
127 silly currentTree ├── semver@5.5.0
127 silly currentTree ├── send@0.16.2
127 silly currentTree ├── serve-static@1.13.2
127 silly currentTree ├── set-immediate-shim@1.0.1
127 silly currentTree ├─┬ set-value@2.0.0
127 silly currentTree │ └── extend-shallow@2.0.1
127 silly currentTree ├── setprototypeof@1.1.0
127 silly currentTree ├── shebang-command@1.2.0
127 silly currentTree ├── shebang-regex@1.0.0
127 silly currentTree ├── signal-exit@3.0.2
127 silly currentTree ├─┬ snapdragon-node@2.1.1
127 silly currentTree │ ├── define-property@1.0.0
127 silly currentTree │ ├── is-accessor-descriptor@1.0.0
127 silly currentTree │ ├── is-data-descriptor@1.0.0
127 silly currentTree │ └── is-descriptor@1.0.2
127 silly currentTree ├─┬ snapdragon-util@3.0.1
127 silly currentTree │ └── kind-of@3.2.2
127 silly currentTree ├─┬ snapdragon@0.8.2
127 silly currentTree │ ├── define-property@0.2.5
127 silly currentTree │ └── extend-shallow@2.0.1
127 silly currentTree ├── source-map-resolve@0.5.2
127 silly currentTree ├── source-map-url@0.4.0
127 silly currentTree ├── source-map@0.5.7
127 silly currentTree ├── split-string@3.1.0
127 silly currentTree ├── split@0.3.3
127 silly currentTree ├─┬ static-extend@0.1.2
127 silly currentTree │ └── define-property@0.2.5
127 silly currentTree ├── statuses@1.4.0
127 silly currentTree ├── stream-combiner@0.0.4
127 silly currentTree ├── string_decoder@1.0.3
127 silly currentTree ├── string-width@2.1.1
127 silly currentTree ├── strip-ansi@4.0.0
127 silly currentTree ├── strip-eof@1.0.0
127 silly currentTree ├── strip-json-comments@2.0.1
127 silly currentTree ├── supports-color@5.4.0
127 silly currentTree ├── term-size@1.2.0
127 silly currentTree ├── through@2.3.8
127 silly currentTree ├── thunky@1.0.2
127 silly currentTree ├── timed-out@4.0.1
127 silly currentTree ├── to-mongodb-core@2.0.0
127 silly currentTree ├─┬ to-object-path@0.3.0
127 silly currentTree │ └── kind-of@3.2.2
127 silly currentTree ├── to-regex-range@2.1.1
127 silly currentTree ├── to-regex@3.0.2
127 silly currentTree ├── touch@3.1.0
127 silly currentTree ├── type-is@1.6.16
127 silly currentTree ├── undefsafe@2.0.2
127 silly currentTree ├─┬ union-value@1.0.0
127 silly currentTree │ ├── extend-shallow@2.0.1
127 silly currentTree │ └── set-value@0.4.3
127 silly currentTree ├── unique-string@1.0.0
127 silly currentTree ├── unpipe@1.0.0
127 silly currentTree ├─┬ unset-value@1.0.0
127 silly currentTree │ ├─┬ has-value@0.3.1
127 silly currentTree │ │ └── isobject@2.1.0
127 silly currentTree │ └── has-values@0.1.4
127 silly currentTree ├── unzip-response@2.0.1
127 silly currentTree ├── upath@1.1.0
127 silly currentTree ├── update-notifier@2.5.0
127 silly currentTree ├── urix@0.1.0
127 silly currentTree ├── url-parse-lax@1.0.0
127 silly currentTree ├── use@3.1.0
127 silly currentTree ├── util-deprecate@1.0.2
127 silly currentTree ├── utils-merge@1.0.1
127 silly currentTree ├── vary@1.1.2
127 silly currentTree ├── which@1.3.1
127 silly currentTree ├── widest-line@2.0.0
127 silly currentTree ├── wrappy@1.0.2
127 silly currentTree ├── write-file-atomic@2.3.0
127 silly currentTree ├── xdg-basedir@3.0.0
127 silly currentTree ├── xtend@4.0.1
127 silly currentTree └── yallist@2.1.2
128 silly idealTree jshv@1.0.0
128 silly idealTree ├── abbrev@1.1.1
128 silly idealTree ├── accepts@1.3.5
128 silly idealTree ├── ansi-align@2.0.0
128 silly idealTree ├── ansi-regex@3.0.0
128 silly idealTree ├── ansi-styles@3.2.1
128 silly idealTree ├── anymatch@2.0.0
128 silly idealTree ├── arr-diff@4.0.0
128 silly idealTree ├── arr-flatten@1.1.0
128 silly idealTree ├── arr-union@3.1.0
128 silly idealTree ├── array-flatten@1.1.1
128 silly idealTree ├── array-unique@0.3.2
128 silly idealTree ├── assign-symbols@1.0.0
128 silly idealTree ├── async-each@1.0.1
128 silly idealTree ├── atob@2.1.1
128 silly idealTree ├── balanced-match@1.0.0
128 silly idealTree ├─┬ base@0.11.2
128 silly idealTree │ ├── define-property@1.0.0
128 silly idealTree │ ├── is-accessor-descriptor@1.0.0
128 silly idealTree │ ├── is-data-descriptor@1.0.0
128 silly idealTree │ └── is-descriptor@1.0.2
128 silly idealTree ├── basic-auth@2.0.0
128 silly idealTree ├── binary-extensions@1.11.0
128 silly idealTree ├─┬ body-parser@1.18.3
128 silly idealTree │ ├── qs@6.5.2
128 silly idealTree │ └── raw-body@2.3.3
128 silly idealTree ├── boxen@1.3.0
128 silly idealTree ├── brace-expansion@1.1.11
128 silly idealTree ├─┬ braces@2.3.2
128 silly idealTree │ └── extend-shallow@2.0.1
128 silly idealTree ├── bson@1.0.6
128 silly idealTree ├── buffer-shims@1.0.0
128 silly idealTree ├── bytes@3.0.0
128 silly idealTree ├── cache-base@1.0.1
128 silly idealTree ├── camelcase@4.1.0
128 silly idealTree ├── capture-stack-trace@1.0.0
128 silly idealTree ├── chalk@2.4.1
128 silly idealTree ├── chokidar@2.0.3
128 silly idealTree ├── ci-info@1.1.3
128 silly idealTree ├─┬ class-utils@0.3.6
128 silly idealTree │ └── define-property@0.2.5
128 silly idealTree ├── cli-boxes@1.0.0
128 silly idealTree ├── collection-visit@1.0.0
128 silly idealTree ├── color-convert@1.9.1
128 silly idealTree ├── color-name@1.1.3
128 silly idealTree ├── component-emitter@1.2.1
128 silly idealTree ├── concat-map@0.0.1
128 silly idealTree ├── configstore@3.1.2
128 silly idealTree ├── content-disposition@0.5.2
128 silly idealTree ├── content-type@1.0.4
128 silly idealTree ├── cookie-signature@1.0.6
128 silly idealTree ├── cookie@0.3.1
128 silly idealTree ├── copy-descriptor@0.1.1
128 silly idealTree ├── core-util-is@1.0.2
128 silly idealTree ├── create-error-class@3.0.2
128 silly idealTree ├── cross-spawn@5.1.0
128 silly idealTree ├── crypto-random-string@1.0.0
128 silly idealTree ├── debug@2.6.9
128 silly idealTree ├── decode-uri-component@0.2.0
128 silly idealTree ├── deep-extend@0.5.1
128 silly idealTree ├─┬ define-property@2.0.2
128 silly idealTree │ ├── is-accessor-descriptor@1.0.0
128 silly idealTree │ ├── is-data-descriptor@1.0.0
128 silly idealTree │ └── is-descriptor@1.0.2
128 silly idealTree ├── depd@1.1.2
128 silly idealTree ├── destroy@1.0.4
128 silly idealTree ├── dot-prop@4.2.0
128 silly idealTree ├── duplexer@0.1.1
128 silly idealTree ├── duplexer3@0.1.4
128 silly idealTree ├── each-series@1.0.0
128 silly idealTree ├── ee-first@1.1.1
128 silly idealTree ├── ejs@2.6.1
128 silly idealTree ├── encodeurl@1.0.2
128 silly idealTree ├── es6-promise@3.2.1
128 silly idealTree ├── escape-html@1.0.3
128 silly idealTree ├── escape-string-regexp@1.0.5
128 silly idealTree ├── etag@1.8.1
128 silly idealTree ├── event-stream@3.3.4
128 silly idealTree ├── execa@0.7.0
128 silly idealTree ├─┬ expand-brackets@2.1.4
128 silly idealTree │ ├── define-property@0.2.5
128 silly idealTree │ └── extend-shallow@2.0.1
128 silly idealTree ├─┬ express@4.16.3
128 silly idealTree │ ├── body-parser@1.18.2
128 silly idealTree │ ├── iconv-lite@0.4.19
128 silly idealTree │ └─┬ raw-body@2.3.2
128 silly idealTree │   ├── depd@1.1.1
128 silly idealTree │   ├── http-errors@1.6.2
128 silly idealTree │   └── setprototypeof@1.0.3
128 silly idealTree ├── expressjs@1.0.1
128 silly idealTree ├─┬ extend-shallow@3.0.2
128 silly idealTree │ └── is-extendable@1.0.1
128 silly idealTree ├─┬ extglob@2.0.4
128 silly idealTree │ ├── define-property@1.0.0
128 silly idealTree │ ├── extend-shallow@2.0.1
128 silly idealTree │ ├── is-accessor-descriptor@1.0.0
128 silly idealTree │ ├── is-data-descriptor@1.0.0
128 silly idealTree │ └── is-descriptor@1.0.2
128 silly idealTree ├─┬ fill-range@4.0.0
128 silly idealTree │ └── extend-shallow@2.0.1
128 silly idealTree ├── finalhandler@1.1.1
128 silly idealTree ├── for-in@1.0.2
128 silly idealTree ├── forwarded@0.1.2
128 silly idealTree ├── fragment-cache@0.2.1
128 silly idealTree ├── fresh@0.5.2
128 silly idealTree ├── from@0.1.7
128 silly idealTree ├─┬ fsevents@1.2.4
128 silly idealTree │ ├── abbrev@1.1.1
128 silly idealTree │ ├── ansi-regex@2.1.1
128 silly idealTree │ ├── aproba@1.2.0
128 silly idealTree │ ├── are-we-there-yet@1.1.4
128 silly idealTree │ ├── balanced-match@1.0.0
128 silly idealTree │ ├── brace-expansion@1.1.11
128 silly idealTree │ ├── chownr@1.0.1
128 silly idealTree │ ├── code-point-at@1.1.0
128 silly idealTree │ ├── concat-map@0.0.1
128 silly idealTree │ ├── console-control-strings@1.1.0
128 silly idealTree │ ├── core-util-is@1.0.2
128 silly idealTree │ ├── debug@2.6.9
128 silly idealTree │ ├── deep-extend@0.5.1
128 silly idealTree │ ├── delegates@1.0.0
128 silly idealTree │ ├── detect-libc@1.0.3
128 silly idealTree │ ├── fs-minipass@1.2.5
128 silly idealTree │ ├── fs.realpath@1.0.0
128 silly idealTree │ ├── gauge@2.7.4
128 silly idealTree │ ├── glob@7.1.2
128 silly idealTree │ ├── has-unicode@2.0.1
128 silly idealTree │ ├── iconv-lite@0.4.21
128 silly idealTree │ ├── ignore-walk@3.0.1
128 silly idealTree │ ├── inflight@1.0.6
128 silly idealTree │ ├── inherits@2.0.3
128 silly idealTree │ ├── ini@1.3.5
128 silly idealTree │ ├── is-fullwidth-code-point@1.0.0
128 silly idealTree │ ├── isarray@1.0.0
128 silly idealTree │ ├── minimatch@3.0.4
128 silly idealTree │ ├── minimist@0.0.8
128 silly idealTree │ ├── minipass@2.2.4
128 silly idealTree │ ├── minizlib@1.1.0
128 silly idealTree │ ├── mkdirp@0.5.1
128 silly idealTree │ ├── ms@2.0.0
128 silly idealTree │ ├── needle@2.2.0
128 silly idealTree │ ├── node-pre-gyp@0.10.0
128 silly idealTree │ ├── nopt@4.0.1
128 silly idealTree │ ├── npm-bundled@1.0.3
128 silly idealTree │ ├── npm-packlist@1.1.10
128 silly idealTree │ ├── npmlog@4.1.2
128 silly idealTree │ ├── number-is-nan@1.0.1
128 silly idealTree │ ├── object-assign@4.1.1
128 silly idealTree │ ├── once@1.4.0
128 silly idealTree │ ├── os-homedir@1.0.2
128 silly idealTree │ ├── os-tmpdir@1.0.2
128 silly idealTree │ ├── osenv@0.1.5
128 silly idealTree │ ├── path-is-absolute@1.0.1
128 silly idealTree │ ├── process-nextick-args@2.0.0
128 silly idealTree │ ├─┬ rc@1.2.7
128 silly idealTree │ │ └── minimist@1.2.0
128 silly idealTree │ ├── readable-stream@2.3.6
128 silly idealTree │ ├── rimraf@2.6.2
128 silly idealTree │ ├── safe-buffer@5.1.1
128 silly idealTree │ ├── safer-buffer@2.1.2
128 silly idealTree │ ├── sax@1.2.4
128 silly idealTree │ ├── semver@5.5.0
128 silly idealTree │ ├── set-blocking@2.0.0
128 silly idealTree │ ├── signal-exit@3.0.2
128 silly idealTree │ ├── string_decoder@1.1.1
128 silly idealTree │ ├── string-width@1.0.2
128 silly idealTree │ ├── strip-ansi@3.0.1
128 silly idealTree │ ├── strip-json-comments@2.0.1
128 silly idealTree │ ├── tar@4.4.1
128 silly idealTree │ ├── util-deprecate@1.0.2
128 silly idealTree │ ├── wide-align@1.1.2
128 silly idealTree │ ├── wrappy@1.0.2
128 silly idealTree │ └── yallist@3.0.2
128 silly idealTree ├── get-stream@3.0.0
128 silly idealTree ├── get-value@2.0.6
128 silly idealTree ├─┬ glob-parent@3.1.0
128 silly idealTree │ └── is-glob@3.1.0
128 silly idealTree ├── global-dirs@0.1.1
128 silly idealTree ├── got@6.7.1
128 silly idealTree ├── graceful-fs@4.1.11
128 silly idealTree ├── has-flag@3.0.0
128 silly idealTree ├── has-value@1.0.0
128 silly idealTree ├─┬ has-values@1.0.0
128 silly idealTree │ └── kind-of@4.0.0
128 silly idealTree ├── http-errors@1.6.3
128 silly idealTree ├── http@0.0.0
128 silly idealTree ├── iconv-lite@0.4.23
128 silly idealTree ├── ignore-by-default@1.0.1
128 silly idealTree ├── import-lazy@2.1.0
128 silly idealTree ├── imurmurhash@0.1.4
128 silly idealTree ├── inherits@2.0.3
128 silly idealTree ├── ini@1.3.5
128 silly idealTree ├── ipaddr.js@1.6.0
128 silly idealTree ├─┬ is-accessor-descriptor@0.1.6
128 silly idealTree │ └── kind-of@3.2.2
128 silly idealTree ├── is-binary-path@1.0.1
128 silly idealTree ├── is-buffer@1.1.6
128 silly idealTree ├── is-ci@1.1.0
128 silly idealTree ├─┬ is-data-descriptor@0.1.4
128 silly idealTree │ └── kind-of@3.2.2
128 silly idealTree ├─┬ is-descriptor@0.1.6
128 silly idealTree │ └── kind-of@5.1.0
128 silly idealTree ├── is-extendable@0.1.1
128 silly idealTree ├── is-extglob@2.1.1
128 silly idealTree ├── is-fullwidth-code-point@2.0.0
128 silly idealTree ├── is-glob@4.0.0
128 silly idealTree ├── is-installed-globally@0.1.0
128 silly idealTree ├── is-npm@1.0.0
128 silly idealTree ├─┬ is-number@3.0.0
128 silly idealTree │ └── kind-of@3.2.2
128 silly idealTree ├── is-obj@1.0.1
128 silly idealTree ├─┬ is-odd@2.0.0
128 silly idealTree │ └── is-number@4.0.0
128 silly idealTree ├── is-path-inside@1.0.1
128 silly idealTree ├── is-plain-object@2.0.4
128 silly idealTree ├── is-redirect@1.0.0
128 silly idealTree ├── is-retry-allowed@1.1.0
128 silly idealTree ├── is-stream@1.1.0
128 silly idealTree ├── is-windows@1.0.2
128 silly idealTree ├── isarray@1.0.0
128 silly idealTree ├── isexe@2.0.0
128 silly idealTree ├── isobject@3.0.1
128 silly idealTree ├── jquery@3.3.1
128 silly idealTree ├── kind-of@6.0.2
128 silly idealTree ├── latest-version@3.1.0
128 silly idealTree ├── lowercase-keys@1.0.1
128 silly idealTree ├── lru-cache@4.1.3
128 silly idealTree ├── make-dir@1.3.0
128 silly idealTree ├── map-cache@0.2.2
128 silly idealTree ├── map-stream@0.1.0
128 silly idealTree ├── map-visit@1.0.0
128 silly idealTree ├── media-typer@0.3.0
128 silly idealTree ├── merge-descriptors@1.0.1
128 silly idealTree ├── methods@1.1.2
128 silly idealTree ├── micromatch@3.1.10
128 silly idealTree ├── mime-db@1.33.0
128 silly idealTree ├── mime-types@2.1.18
128 silly idealTree ├── mime@1.4.1
128 silly idealTree ├── minimatch@3.0.4
128 silly idealTree ├── minimist@1.2.0
128 silly idealTree ├─┬ mixin-deep@1.3.1
128 silly idealTree │ └── is-extendable@1.0.1
128 silly idealTree ├── mongodb-core@3.1.0-beta4
128 silly idealTree ├── mongodb@3.1.0-beta4
128 silly idealTree ├─┬ mongojs@2.5.0
128 silly idealTree │ ├── mongodb-core@2.1.19
128 silly idealTree │ └─┬ mongodb@2.2.35
128 silly idealTree │   └── readable-stream@2.2.7
128 silly idealTree ├── morgan@1.9.0
128 silly idealTree ├── ms@2.0.0
128 silly idealTree ├── nan@2.10.0
128 silly idealTree ├── nanomatch@1.2.9
128 silly idealTree ├── negotiator@0.6.1
128 silly idealTree ├── node-bin-setup@1.0.6
128 silly idealTree ├── node@10.2.0
128 silly idealTree ├─┬ nodemon@1.17.5
128 silly idealTree │ └── debug@3.1.0
128 silly idealTree ├── nopt@1.0.10
128 silly idealTree ├── normalize-path@2.1.1
128 silly idealTree ├── npm-run-path@2.0.2
128 silly idealTree ├─┬ object-copy@0.1.0
128 silly idealTree │ ├── define-property@0.2.5
128 silly idealTree │ └── kind-of@3.2.2
128 silly idealTree ├── object-visit@1.0.1
128 silly idealTree ├── object.pick@1.3.0
128 silly idealTree ├── on-finished@2.3.0
128 silly idealTree ├── on-headers@1.0.1
128 silly idealTree ├── once@1.4.0
128 silly idealTree ├── p-finally@1.0.0
128 silly idealTree ├── package-json@4.0.1
128 silly idealTree ├── parse-mongo-url@1.1.1
128 silly idealTree ├── parseurl@1.3.2
128 silly idealTree ├── pascalcase@0.1.1
128 silly idealTree ├── path-dirname@1.0.2
128 silly idealTree ├── path-is-absolute@1.0.1
128 silly idealTree ├── path-is-inside@1.0.2
128 silly idealTree ├── path-key@2.0.1
128 silly idealTree ├── path-to-regexp@0.1.7
128 silly idealTree ├── pause-stream@0.0.11
128 silly idealTree ├── pify@3.0.0
128 silly idealTree ├── posix-character-classes@0.1.1
128 silly idealTree ├── prepend-http@1.0.4
128 silly idealTree ├── process-nextick-args@1.0.7
128 silly idealTree ├── proxy-addr@2.0.3
128 silly idealTree ├── ps-tree@1.1.0
128 silly idealTree ├── pseudomap@1.0.2
128 silly idealTree ├── pstree.remy@1.1.0
128 silly idealTree ├── qs@6.5.1
128 silly idealTree ├── range-parser@1.2.0
128 silly idealTree ├── raw-body
128 silly idealTree ├── rc@1.2.7
128 silly idealTree ├─┬ readable-stream@2.3.6
128 silly idealTree │ ├── process-nextick-args@2.0.0
128 silly idealTree │ └── string_decoder@1.1.1
128 silly idealTree ├── readdirp@2.1.0
128 silly idealTree ├── regex-not@1.0.2
128 silly idealTree ├── registry-auth-token@3.3.2
128 silly idealTree ├── registry-url@3.1.0
128 silly idealTree ├── remove-trailing-separator@1.1.0
128 silly idealTree ├── repeat-element@1.1.2
128 silly idealTree ├── repeat-string@1.6.1
128 silly idealTree ├── require_optional@1.0.1
128 silly idealTree ├── resolve-from@2.0.0
128 silly idealTree ├── resolve-url@0.2.1
128 silly idealTree ├── ret@0.1.15
128 silly idealTree ├── safe-buffer@5.1.1
128 silly idealTree ├── safe-regex@1.1.0
128 silly idealTree ├── safer-buffer@2.1.2
128 silly idealTree ├── saslprep@1.0.0
128 silly idealTree ├── semver-diff@2.1.0
128 silly idealTree ├── semver@5.5.0
128 silly idealTree ├── send@0.16.2
128 silly idealTree ├── serve-static@1.13.2
128 silly idealTree ├── set-immediate-shim@1.0.1
128 silly idealTree ├─┬ set-value@2.0.0
128 silly idealTree │ └── extend-shallow@2.0.1
128 silly idealTree ├── setprototypeof@1.1.0
128 silly idealTree ├── shebang-command@1.2.0
128 silly idealTree ├── shebang-regex@1.0.0
128 silly idealTree ├── signal-exit@3.0.2
128 silly idealTree ├─┬ snapdragon-node@2.1.1
128 silly idealTree │ ├── define-property@1.0.0
128 silly idealTree │ ├── is-accessor-descriptor@1.0.0
128 silly idealTree │ ├── is-data-descriptor@1.0.0
128 silly idealTree │ └── is-descriptor@1.0.2
128 silly idealTree ├─┬ snapdragon-util@3.0.1
128 silly idealTree │ └── kind-of@3.2.2
128 silly idealTree ├─┬ snapdragon@0.8.2
128 silly idealTree │ ├── define-property@0.2.5
128 silly idealTree │ └── extend-shallow@2.0.1
128 silly idealTree ├── source-map-resolve@0.5.2
128 silly idealTree ├── source-map-url@0.4.0
128 silly idealTree ├── source-map@0.5.7
128 silly idealTree ├── split-string@3.1.0
128 silly idealTree ├── split@0.3.3
128 silly idealTree ├─┬ static-extend@0.1.2
128 silly idealTree │ └── define-property@0.2.5
128 silly idealTree ├── statuses@1.4.0
128 silly idealTree ├── stream-combiner@0.0.4
128 silly idealTree ├── string_decoder@1.0.3
128 silly idealTree ├── string-width@2.1.1
128 silly idealTree ├── strip-ansi@4.0.0
128 silly idealTree ├── strip-eof@1.0.0
128 silly idealTree ├── strip-json-comments@2.0.1
128 silly idealTree ├── supports-color@5.4.0
128 silly idealTree ├── term-size@1.2.0
128 silly idealTree ├── through@2.3.8
128 silly idealTree ├── thunky@1.0.2
128 silly idealTree ├── timed-out@4.0.1
128 silly idealTree ├── to-mongodb-core@2.0.0
128 silly idealTree ├─┬ to-object-path@0.3.0
128 silly idealTree │ └── kind-of@3.2.2
128 silly idealTree ├── to-regex-range@2.1.1
128 silly idealTree ├── to-regex@3.0.2
128 silly idealTree ├── touch@3.1.0
128 silly idealTree ├── type-is@1.6.16
128 silly idealTree ├── undefsafe@2.0.2
128 silly idealTree ├─┬ union-value@1.0.0
128 silly idealTree │ ├── extend-shallow@2.0.1
128 silly idealTree │ └── set-value@0.4.3
128 silly idealTree ├── unique-string@1.0.0
128 silly idealTree ├── unpipe@1.0.0
128 silly idealTree ├─┬ unset-value@1.0.0
128 silly idealTree │ ├─┬ has-value@0.3.1
128 silly idealTree │ │ └── isobject@2.1.0
128 silly idealTree │ └── has-values@0.1.4
128 silly idealTree ├── unzip-response@2.0.1
128 silly idealTree ├── upath@1.1.0
128 silly idealTree ├── update-notifier@2.5.0
128 silly idealTree ├── urix@0.1.0
128 silly idealTree ├── url-parse-lax@1.0.0
128 silly idealTree ├── use@3.1.0
128 silly idealTree ├── util-deprecate@1.0.2
128 silly idealTree ├── utils-merge@1.0.1
128 silly idealTree ├── vary@1.1.2
128 silly idealTree ├── which@1.3.1
128 silly idealTree ├── widest-line@2.0.0
128 silly idealTree ├── wrappy@1.0.2
128 silly idealTree ├── write-file-atomic@2.3.0
128 silly idealTree ├── xdg-basedir@3.0.0
128 silly idealTree ├── xtend@4.0.1
128 silly idealTree └── yallist@2.1.2
129 silly generateActionsToTake Starting
130 silly install generateActionsToTake
131 silly generateActionsToTake Finishing
132 silly diffTrees action count 2
133 silly diffTrees add node-bin-setup@1.0.6
134 silly diffTrees add node@10.2.0
135 silly decomposeActions action count 16
136 silly decomposeActions fetch node-bin-setup@1.0.6
137 silly decomposeActions extract node-bin-setup@1.0.6
138 silly decomposeActions test node-bin-setup@1.0.6
139 silly decomposeActions preinstall node-bin-setup@1.0.6
140 silly decomposeActions build node-bin-setup@1.0.6
141 silly decomposeActions install node-bin-setup@1.0.6
142 silly decomposeActions postinstall node-bin-setup@1.0.6
143 silly decomposeActions finalize node-bin-setup@1.0.6
144 silly decomposeActions fetch node@10.2.0
145 silly decomposeActions extract node@10.2.0
146 silly decomposeActions test node@10.2.0
147 silly decomposeActions preinstall node@10.2.0
148 silly decomposeActions build node@10.2.0
149 silly decomposeActions install node@10.2.0
150 silly decomposeActions postinstall node@10.2.0
151 silly decomposeActions finalize node@10.2.0
152 silly runTopLevelLifecycles Starting
153 silly executeActions Starting
154 silly install executeActions
155 silly doSerial global-install 0
156 silly doParallel fetch 2
157 verbose correctMkdir /Users/linashamoon/.npm/_locks correctMkdir not in flight; initializing
158 verbose lock using /Users/linashamoon/.npm/_locks/staging-57a0f88cad24350b.lock for /Users/linashamoon/Desktop/jsHV/node_modules/.staging
159 silly doParallel extract 2
160 silly extract node-bin-setup@1.0.6
161 silly extract node@10.2.0
162 verbose unbuild node_modules/.staging/node-bin-setup-b7317745
163 verbose unbuild node_modules/.staging/node-59bbb887
164 silly gentlyRm /Users/linashamoon/Desktop/jsHV/node_modules/.staging/node-bin-setup-b7317745 is being purged from base /Users/linashamoon/Desktop/jsHV
165 verbose gentlyRm don't care about contents; nuking /Users/linashamoon/Desktop/jsHV/node_modules/.staging/node-bin-setup-b7317745
166 verbose tar unpack /Users/linashamoon/.npm/node-bin-setup/1.0.6/package.tgz
167 verbose tar unpacking to /Users/linashamoon/Desktop/jsHV/node_modules/.staging/node-bin-setup-b7317745
168 silly gentlyRm /Users/linashamoon/Desktop/jsHV/node_modules/.staging/node-bin-setup-b7317745 is being purged
169 verbose gentlyRm don't care about contents; nuking /Users/linashamoon/Desktop/jsHV/node_modules/.staging/node-bin-setup-b7317745
170 silly gentlyRm /Users/linashamoon/Desktop/jsHV/node_modules/.staging/node-59bbb887 is being purged from base /Users/linashamoon/Desktop/jsHV
171 verbose gentlyRm don't care about contents; nuking /Users/linashamoon/Desktop/jsHV/node_modules/.staging/node-59bbb887
172 silly gunzTarPerm modes [ '755', '644' ]
173 verbose tar unpack /Users/linashamoon/.npm/node/10.2.0/package.tgz
174 verbose tar unpacking to /Users/linashamoon/Desktop/jsHV/node_modules/.staging/node-59bbb887
175 silly gentlyRm /Users/linashamoon/Desktop/jsHV/node_modules/.staging/node-59bbb887 is being purged
176 verbose gentlyRm don't care about contents; nuking /Users/linashamoon/Desktop/jsHV/node_modules/.staging/node-59bbb887
177 silly gunzTarPerm modes [ '755', '644' ]
178 silly gunzTarPerm extractEntry package.json
179 silly gunzTarPerm extractEntry package.json
180 silly gunzTarPerm extractEntry installArchSpecificPackage.js
181 silly gunzTarPerm extractEntry README.md
182 silly gunzTarPerm extractEntry index.js
183 silly gentlyRm /Users/linashamoon/Desktop/jsHV/node_modules/.staging/node-bin-setup-b7317745/node_modules is being purged
184 verbose gentlyRm don't care about contents; nuking /Users/linashamoon/Desktop/jsHV/node_modules/.staging/node-bin-setup-b7317745/node_modules
185 silly gentlyRm /Users/linashamoon/Desktop/jsHV/node_modules/.staging/node-59bbb887/node_modules is being purged
186 verbose gentlyRm don't care about contents; nuking /Users/linashamoon/Desktop/jsHV/node_modules/.staging/node-59bbb887/node_modules
187 silly doParallel preinstall 2
188 silly preinstall node-bin-setup@1.0.6
189 info lifecycle node-bin-setup@1.0.6~preinstall: node-bin-setup@1.0.6
190 silly preinstall node@10.2.0
191 info lifecycle node@10.2.0~preinstall: node@10.2.0
192 silly lifecycle node-bin-setup@1.0.6~preinstall: no script for preinstall, continuing
193 verbose lifecycle node@10.2.0~preinstall: unsafe-perm in lifecycle true
194 verbose lifecycle node@10.2.0~preinstall: PATH: /usr/local/lib/node_modules/npm/bin/node-gyp-bin:/Users/linashamoon/Desktop/jsHV/node_modules/.staging/node-59bbb887/node_modules/.bin:/Users/linashamoon/Desktop/jsHV/node_modules/.bin:/Library/Frameworks/Python.framework/Versions/3.6/bin:/usr/local/bin:/usr/bin:/bin:/usr/sbin:/sbin:/usr/local/share/dotnet:/Library/Frameworks/Mono.framework/Versions/Current/Commands
195 verbose lifecycle node@10.2.0~preinstall: CWD: /Users/linashamoon/Desktop/jsHV/node_modules/.staging/node-59bbb887
196 silly lifecycle node@10.2.0~preinstall: Args: [ '-c', 'node installArchSpecificPackage' ]
197 silly lifecycle node@10.2.0~preinstall: Returned: code: 1  signal: null
198 info lifecycle node@10.2.0~preinstall: Failed to exec preinstall script
199 verbose unlock done using /Users/linashamoon/.npm/_locks/staging-57a0f88cad24350b.lock for /Users/linashamoon/Desktop/jsHV/node_modules/.staging
200 silly rollbackFailedOptional Starting
201 silly rollbackFailedOptional Finishing
202 silly runTopLevelLifecycles Finishing
203 silly install printInstalled
204 warn enoent ENOENT: no such file or directory, open '/Users/linashamoon/Desktop/jsHV/node_modules/raw-body/package.json'
205 verbose enoent ENOENT: no such file or directory, open '/Users/linashamoon/Desktop/jsHV/node_modules/raw-body/package.json'
205 verbose enoent This is most likely not a problem with npm itself
205 verbose enoent and is related to npm not being able to find a file.
206 verbose stack Error: node@10.2.0 preinstall: `node installArchSpecificPackage`
206 verbose stack Exit status 1
206 verbose stack     at EventEmitter.<anonymous> (/usr/local/lib/node_modules/npm/lib/utils/lifecycle.js:279:16)
206 verbose stack     at emitTwo (events.js:106:13)
206 verbose stack     at EventEmitter.emit (events.js:194:7)
206 verbose stack     at ChildProcess.<anonymous> (/usr/local/lib/node_modules/npm/lib/utils/spawn.js:40:14)
206 verbose stack     at emitTwo (events.js:106:13)
206 verbose stack     at ChildProcess.emit (events.js:194:7)
206 verbose stack     at maybeClose (internal/child_process.js:899:16)
206 verbose stack     at Process.ChildProcess._handle.onexit (internal/child_process.js:226:5)
207 verbose pkgid node@10.2.0
208 verbose cwd /Users/linashamoon/Desktop/jsHV
209 error Darwin 17.5.0
210 error argv "/usr/local/Cellar/node/7.7.1/bin/node" "/usr/local/bin/npm" "install" "node"
211 error node v7.7.1
212 error npm  v4.1.2
213 error code ELIFECYCLE
214 error node@10.2.0 preinstall: `node installArchSpecificPackage`
214 error Exit status 1
215 error Failed at the node@10.2.0 preinstall script 'node installArchSpecificPackage'.
215 error Make sure you have the latest version of node.js and npm installed.
215 error If you do, this is most likely a problem with the node package,
215 error not with npm itself.
215 error Tell the author that this fails on your system:
215 error     node installArchSpecificPackage
215 error You can get information on how to open an issue for this project with:
215 error     npm bugs node
215 error Or if that isn't available, you can get their info via:
215 error     npm owner ls node
215 error There is likely additional logging output above.
216 verbose exit [ 1, true ]
